0 [4090492672] INFO perfrun.launcher <> - Launcher main begin
0 [4090492672] INFO perfrun.launcher <> - MessageCatalogInit finished
0 [4090492672] INFO perfrun.launcher <> - Launcher instance created
0 [4090492672] INFO perfrun.launcher <> - argc = 6; cmdline = /opt/intel/oneapi/vtune/2024.2/bin32/amplxe-runss -dump-vdso -r /home/dahroug/Desktop/gemm.dahroug/r000hpc --tmp-dir /tmp/amplxe-tmp-dahroug 
8 [4090492672] INFO perfrun.launcher <> - create msngr2::ICliToolContext
8 [4090492672] INFO perfrun.launcher <> - create file finder object
10 [4089961280] INFO perfrun.launcher <> - plugin [remoteplug] was disabled because it doesn't support the given collection type.
10 [4089961280] INFO perfrun.launcher <> - plugin [] was disabled because it doesn't support the given collection type.
10 [4089961280] INFO perfrun.vdso <> - dumping [vdso] pseudomodule
10 [4089961280] INFO perfrun.launcher <> - plugin [] was disabled because it doesn't support the given collection type.
10 [4089961280] INFO perfrun.launcher <> - plugin [] was disabled because it doesn't support the given collection type.
10 [4089961280] INFO perfrun.launcher <> - plugin [] was disabled because it doesn't support the given collection type.
10 [4089961280] INFO perfrun.launcher <> - plugin [] was disabled because it doesn't support the given collection type.
10 [4089961280] INFO perfrun.launcher <> - plugin [] was disabled because it doesn't support the given collection type.
10 [4089961280] INFO perfrun.launcher <> - plugin [] was disabled because it doesn't support the given collection type.
10 [4089961280] INFO perfrun.launcher <> - plugin [] was disabled because it doesn't support the given collection type.
10 [4089961280] INFO perfrun.launcher <> - plugin [] was disabled because it doesn't support the given collection type.
10 [4089961280] INFO perfrun.launcher <> - plugin [] was disabled because it doesn't support the given collection type.
10 [4089961280] INFO perfrun.launcher <> - plugin [] was disabled because it doesn't support the given collection type.
10 [4089961280] INFO perfrun.launcher <> - plugin [] was disabled because it doesn't support the given collection type.
10 [4089961280] INFO perfrun.launcher <> - plugin [] was disabled because it doesn't support the given collection type.
10 [4089961280] INFO perfrun.launcher <> - plugin [] was disabled because it doesn't support the given collection type.
10 [4089961280] INFO perfrun.launcher <> - plugin [] was disabled because it doesn't support the given collection type.
11 [4089961280] INFO perfrun.launcher <> - plugin [] was disabled because it doesn't support the given collection type.
11 [4089961280] INFO perfrun.launcher <> - plugin [] was disabled because it doesn't support the given collection type.
11 [4089961280] INFO perfrun.launcher <> - plugin [] was disabled because it doesn't support the given collection type.
11 [4089961280] INFO perfrun.launcher <> - plugin [] was disabled because it doesn't support the given collection type.
11 [4089961280] INFO perfrun.launcher <> - plugin [] was disabled because it doesn't support the given collection type.
11 [4089961280] INFO perfrun.launcher <> - plugin [] was disabled because it doesn't support the given collection type.
11 [4089961280] INFO perfrun.launcher <> - plugin [] was disabled because it doesn't support the given collection type.
11 [4089961280] INFO perfrun.launcher <> - plugin [] was disabled because it doesn't support the given collection type.
11 [4089961280] INFO perfrun.launcher <> - plugin [] was disabled because it doesn't support the given collection type.
11 [4089961280] INFO perfrun.launcher <> - plugin [] was disabled because it doesn't support the given collection type.
11 [4090492672] INFO perfrun.launcher <> - Application exit code: 0
11 [4090492672] INFO perfrun.launcher <> - Exit code: 0
